TN:
SF:src/services/slices/burgerConstructor/burgerConstructor.ts
FN:29,prepare
FN:32,reducer
FN:40,deleteFromConstructor
FN:43,swapItemsInConstructor
FN:52,clearBurgerConstructor
FN:54,extraReducers
FNF:6
FNH:6
FNDA:3,prepare
FNDA:3,reducer
FNDA:1,deleteFromConstructor
FNDA:1,swapItemsInConstructor
FNDA:1,clearBurgerConstructor
FNDA:2,extraReducers
DA:1,1
DA:2,1
DA:3,1
DA:4,1
DA:5,1
DA:6,1
DA:7,1
DA:8,1
DA:9,1
DA:10,1
DA:11,1
DA:12,1
DA:13,1
DA:14,1
DA:15,1
DA:16,1
DA:17,1
DA:18,1
DA:19,1
DA:20,1
DA:21,1
DA:22,1
DA:23,1
DA:24,1
DA:25,1
DA:26,1
DA:27,1
DA:28,1
DA:29,1
DA:30,3
DA:31,1
DA:32,1
DA:33,3
DA:34,1
DA:35,3
DA:36,2
DA:37,2
DA:38,3
DA:39,1
DA:40,1
DA:41,1
DA:42,1
DA:43,1
DA:44,1
DA:45,1
DA:46,1
DA:47,1
DA:48,1
DA:49,1
DA:50,1
DA:51,1
DA:52,1
DA:53,1
DA:54,1
DA:55,2
DA:56,2
DA:57,1
DA:58,2
DA:59,2
DA:60,1
DA:61,2
DA:62,2
DA:63,1
DA:64,1
DA:65,2
DA:66,2
DA:67,1
DA:68,1
DA:69,1
DA:70,1
DA:71,1
DA:72,1
DA:73,1
DA:74,1
DA:75,1
DA:76,1
LF:76
LH:76
BRDA:29,0,0,3
BRDA:32,1,0,3
BRDA:33,2,0,1
BRDA:35,3,0,2
BRDA:40,4,0,1
BRDA:43,5,0,1
BRDA:52,6,0,1
BRDA:54,7,0,2
BRDA:56,8,0,1
BRDA:59,9,0,1
BRDA:62,10,0,1
BRF:11
BRH:11
end_of_record
TN:
SF:src/services/slices/feeds/feeds.ts
FN:23,extraReducers
FN:39,getOrdersSelector
FN:40,getTotalSelector
FN:41,getTotalTodaySelector
FNF:4
FNH:1
FNDA:2,extraReducers
FNDA:0,getOrdersSelector
FNDA:0,getTotalSelector
FNDA:0,getTotalTodaySelector
DA:1,1
DA:2,1
DA:3,1
DA:4,1
DA:5,1
DA:6,1
DA:7,1
DA:8,1
DA:9,1
DA:10,1
DA:11,1
DA:12,1
DA:13,1
DA:14,1
DA:15,1
DA:16,1
DA:17,1
DA:18,1
DA:19,1
DA:20,1
DA:21,1
DA:22,1
DA:23,1
DA:24,2
DA:25,2
DA:26,1
DA:27,2
DA:28,2
DA:29,1
DA:30,2
DA:31,2
DA:32,1
DA:33,1
DA:34,1
DA:35,1
DA:36,2
DA:37,1
DA:38,1
DA:39,1
DA:40,1
DA:41,1
DA:42,1
DA:43,1
DA:44,1
DA:45,1
DA:46,1
LF:46
LH:46
BRDA:23,0,0,2
BRDA:25,1,0,1
BRDA:28,2,0,1
BRDA:31,3,0,1
BRF:4
BRH:4
end_of_record
TN:
SF:src/services/slices/ingredients/ingredients.ts
FN:19,extraReducers
FN:33,ingredientsSelectorData
FN:34,ingredientsSelectorStatus
FNF:3
FNH:1
FNDA:2,extraReducers
FNDA:0,ingredientsSelectorData
FNDA:0,ingredientsSelectorStatus
DA:1,1
DA:2,1
DA:3,1
DA:4,1
DA:5,1
DA:6,1
DA:7,1
DA:8,1
DA:9,1
DA:10,1
DA:11,1
DA:12,1
DA:13,1
DA:14,1
DA:15,1
DA:16,1
DA:17,1
DA:18,1
DA:19,1
DA:20,2
DA:21,2
DA:22,1
DA:23,2
DA:24,2
DA:25,1
DA:26,2
DA:27,2
DA:28,1
DA:29,1
DA:30,2
DA:31,1
DA:32,1
DA:33,1
DA:34,1
DA:35,1
DA:36,1
DA:37,1
DA:38,1
DA:39,1
LF:39
LH:39
BRDA:19,0,0,2
BRDA:21,1,0,1
BRDA:24,2,0,1
BRDA:27,3,0,1
BRF:4
BRH:4
end_of_record
TN:
SF:src/services/slices/order/order.ts
FN:19,extraReducers
FN:33,getOrderSelector
FNF:2
FNH:1
FNDA:2,extraReducers
FNDA:0,getOrderSelector
DA:1,1
DA:2,1
DA:3,1
DA:4,1
DA:5,1
DA:6,1
DA:7,1
DA:8,1
DA:9,1
DA:10,1
DA:11,1
DA:12,1
DA:13,1
DA:14,1
DA:15,1
DA:16,1
DA:17,1
DA:18,1
DA:19,1
DA:20,2
DA:21,2
DA:22,1
DA:23,2
DA:24,2
DA:25,1
DA:26,2
DA:27,2
DA:28,1
DA:29,1
DA:30,2
DA:31,1
DA:32,1
DA:33,1
DA:34,1
DA:35,1
DA:36,1
DA:37,1
DA:38,1
LF:38
LH:38
BRDA:19,0,0,2
BRDA:21,1,0,1
BRDA:24,2,0,1
BRDA:27,3,0,1
BRF:4
BRH:4
end_of_record
TN:
SF:src/services/slices/orders/orders.ts
FN:21,extraReducers
FN:35,getOrdersSelector
FN:40,ordersInfoDataSelector
FNF:3
FNH:1
FNDA:2,extraReducers
FNDA:0,getOrdersSelector
FNDA:0,ordersInfoDataSelector
DA:1,1
DA:2,1
DA:3,1
DA:4,1
DA:5,1
DA:6,1
DA:7,1
DA:8,1
DA:9,1
DA:10,1
DA:11,1
DA:12,1
DA:13,1
DA:14,1
DA:15,1
DA:16,1
DA:17,1
DA:18,1
DA:19,1
DA:20,1
DA:21,1
DA:22,2
DA:23,2
DA:24,1
DA:25,2
DA:26,2
DA:27,1
DA:28,2
DA:29,2
DA:30,1
DA:31,1
DA:32,2
DA:33,1
DA:34,1
DA:35,1
DA:36,1
DA:37,1
DA:38,1
DA:39,1
DA:40,1
DA:41,0
DA:42,0
DA:43,0
DA:44,0
DA:45,0
DA:46,0
DA:47,0
DA:48,0
DA:49,0
DA:50,0
DA:51,0
DA:52,0
DA:53,0
DA:54,0
DA:55,0
DA:56,0
DA:57,1
DA:58,1
DA:59,1
LF:59
LH:43
BRDA:21,0,0,2
BRDA:23,1,0,1
BRDA:26,2,0,1
BRDA:29,3,0,1
BRF:4
BRH:4
end_of_record
TN:
SF:src/services/slices/user/user.ts
FN:27,authChecked
FN:30,userLogout
FN:34,extraReducers
FN:87,getUser
FN:88,getIsAuthChecked
FNF:5
FNH:3
FNDA:1,authChecked
FNDA:1,userLogout
FNDA:2,extraReducers
FNDA:0,getUser
FNDA:0,getIsAuthChecked
DA:1,1
DA:2,1
DA:3,1
DA:4,1
DA:5,1
DA:6,1
DA:7,1
DA:8,1
DA:9,1
DA:10,1
DA:11,1
DA:12,1
DA:13,1
DA:14,1
DA:15,1
DA:16,1
DA:17,1
DA:18,1
DA:19,1
DA:20,1
DA:21,1
DA:22,1
DA:23,1
DA:24,1
DA:25,1
DA:26,1
DA:27,1
DA:28,1
DA:29,1
DA:30,1
DA:31,1
DA:32,1
DA:33,1
DA:34,1
DA:35,2
DA:36,2
DA:37,1
DA:38,2
DA:39,2
DA:40,1
DA:41,2
DA:42,2
DA:43,1
DA:44,1
DA:45,2
DA:46,2
DA:47,1
DA:48,2
DA:49,2
DA:50,1
DA:51,2
DA:52,2
DA:53,1
DA:54,1
DA:55,2
DA:56,2
DA:57,1
DA:58,2
DA:59,2
DA:60,1
DA:61,2
DA:62,2
DA:63,1
DA:64,1
DA:65,2
DA:66,2
DA:67,1
DA:68,2
DA:69,2
DA:70,1
DA:71,2
DA:72,2
DA:73,1
DA:74,2
DA:75,2
DA:76,1
DA:77,2
DA:78,2
DA:79,1
DA:80,2
DA:81,2
DA:82,1
DA:83,1
DA:84,2
DA:85,1
DA:86,1
DA:87,1
DA:88,1
DA:89,1
DA:90,1
DA:91,1
DA:92,1
DA:93,1
DA:94,1
DA:95,1
LF:95
LH:95
BRDA:27,0,0,1
BRDA:30,1,0,1
BRDA:34,2,0,2
BRDA:36,3,0,1
BRDA:39,4,0,1
BRDA:42,5,0,1
BRDA:46,6,0,1
BRDA:49,7,0,1
BRDA:52,8,0,1
BRDA:56,9,0,1
BRDA:59,10,0,1
BRDA:62,11,0,1
BRDA:66,12,0,1
BRDA:69,13,0,1
BRDA:72,14,0,1
BRDA:75,15,0,1
BRDA:78,16,0,1
BRDA:81,17,0,1
BRF:18
BRH:18
end_of_record
